<?xml version="1.0" encoding="UTF-8"?>
<!-- Generated by org.testng.reporters.JUnitXMLReporter -->
<testsuite ignored="2" hostname="Apples-Mac-mini.local" failures="0" tests="2" name="Test" time="124.205" errors="0" timestamp="2024-02-16T14:21:17 IST">
  <testcase classname="testClass.VerifyNewsLetterSubscriptionTest" name="verifyNewsLetterSubscriptionMethod" time="29.114"/>
  <testcase classname="testClass.VerifyAndDeleteRegisteredAccountTest" name="verifyAndDeleteRegisteredAccountMethod" time="67.771"/>
  <testcase classname="testClass.BeforeAfterTest" name="@AfterSuite afterSuite" time="0.0">
    <ignored/>
  </testcase> <!-- @AfterSuite afterSuite -->
  <testcase classname="testClass.BeforeAfterTest" name="@BeforeSuite beforeSuite" time="0.0">
    <ignored/>
  </testcase> <!-- @BeforeSuite beforeSuite -->
</testsuite> <!-- Test -->
