<?xml version="1.0" encoding="UTF-8"?>
<testng-results ignored="0" total="1" passed="1" failed="0" skipped="0">
  <reporter-output>
  </reporter-output>
  <suite started-at="2024-03-21T14:23:42 IST" name="Default suite" finished-at="2024-03-21T14:23:50 IST" duration-ms="7507">
    <groups>
    </groups>
    <test started-at="2024-03-21T14:23:42 IST" name="Default test" finished-at="2024-03-21T14:23:50 IST" duration-ms="7507">
      <class name="testClass.Facebook">
        <test-method signature="Signup()[pri:0, instance:testClass.Facebook@6392827e]" started-at="2024-03-21T14:23:42 IST" name="Signup" finished-at="2024-03-21T14:23:50 IST" duration-ms="7463" status="PASS">
          <reporter-output>
          </reporter-output>
        </test-method> <!-- Signup -->
      </class> <!-- testClass.Facebook -->
    </test> <!-- Default test -->
  </suite> <!-- Default suite -->
</testng-results>
