<?xml version="1.0" encoding="UTF-8"?>
<testng-results ignored="0" total="1" passed="1" failed="0" skipped="0">
  <reporter-output>
  </reporter-output>
  <suite started-at="2024-02-28T16:25:27 IST" name="Default suite" finished-at="2024-02-28T16:25:44 IST" duration-ms="16414">
    <groups>
    </groups>
    <test started-at="2024-02-28T16:25:27 IST" name="Default test" finished-at="2024-02-28T16:25:44 IST" duration-ms="16414">
      <class name="testClass.HomeTest">
        <test-method is-config="true" signature="beforeSuite()[pri:0, instance:testClass.HomeTest@4b29d1d2]" started-at="2024-02-28T16:25:27 IST" name="beforeSuite" finished-at="2024-02-28T16:25:27 IST" duration-ms="514" status="PASS">
          <reporter-output>
          </reporter-output>
        </test-method> <!-- beforeSuite -->
        <test-method is-config="true" signature="beforeMethod(org.testng.ITestResult)[pri:0, instance:testClass.HomeTest@4b29d1d2]" started-at="2024-02-28T16:25:27 IST" name="beforeMethod" finished-at="2024-02-28T16:25:43 IST" duration-ms="16151" status="PASS">
          <params>
            <param index="0">
              <value>
                <![CDATA[[TestResult name={null} status=CREATED method=HomeTest.method()[pri:0, instance:testClass.HomeTest@4b29d1d2] output={null}]]]>
              </value>
            </param>
          </params>
          <reporter-output>
          </reporter-output>
        </test-method> <!-- beforeMethod -->
        <test-method signature="method()[pri:0, instance:testClass.HomeTest@4b29d1d2]" started-at="2024-02-28T16:25:43 IST" name="method" finished-at="2024-02-28T16:25:43 IST" duration-ms="10" status="PASS">
          <reporter-output>
          </reporter-output>
        </test-method> <!-- method -->
        <test-method is-config="true" signature="tearDown(org.testng.ITestResult)[pri:0, instance:testClass.HomeTest@4b29d1d2]" started-at="2024-02-28T16:25:43 IST" name="tearDown" finished-at="2024-02-28T16:25:44 IST" duration-ms="191" status="PASS">
          <params>
            <param index="0">
              <value>
                <![CDATA[[TestResult name=method status=SUCCESS method=HomeTest.method()[pri:0, instance:testClass.HomeTest@4b29d1d2] output={null}]]]>
              </value>
            </param>
          </params>
          <reporter-output>
          </reporter-output>
        </test-method> <!-- tearDown -->
        <test-method is-config="true" signature="afterSuite()[pri:0, instance:testClass.HomeTest@4b29d1d2]" started-at="2024-02-28T16:25:49 IST" name="afterSuite" finished-at="2024-02-28T16:25:50 IST" duration-ms="1289" status="PASS">
          <reporter-output>
          </reporter-output>
        </test-method> <!-- afterSuite -->
      </class> <!-- testClass.HomeTest -->
    </test> <!-- Default test -->
  </suite> <!-- Default suite -->
</testng-results>
